[2025-02-14 14:51:52] [PlayersReceiveKitEvent] 玩家 "DanbaiGG" 收到 "SEND" 的礼包 "lovekit".
[2025-02-14 14:51:52] [PlayersReceiveKitEvent] 玩家 "simingming" 收到 "SEND" 的礼包 "lovekit".
[2025-02-14 14:51:52] [PlayersReceiveKitEvent] 玩家 "Admin_KnF" 收到 "SEND" 的礼包 "lovekit".
[2025-02-14 14:51:52] [PlayersReceiveKitEvent] 玩家 "nzg666" 收到 "SEND" 的礼包 "lovekit".
[2025-02-14 14:51:52] [PlayersReceiveKitEvent] 玩家 "pill" 收到 "SEND" 的礼包 "lovekit".
[2025-02-14 14:51:52] [PlayersReceiveKitEvent] 玩家 "fuck" 收到 "SEND" 的礼包 "lovekit".
[2025-02-14 14:51:52] [PlayersReceiveKitEvent] 玩家 "Ilker_Uniye" 收到 "SEND" 的礼包 "lovekit".
[2025-02-14 14:51:52] [PlayersReceiveKitEvent] 玩家 "jlm" 收到 "SEND" 的礼包 "lovekit".
[2025-02-14 14:51:52] [PlayersReceiveKitEvent] 玩家 "Steve" 收到 "SEND" 的礼包 "lovekit".
[2025-02-14 14:51:52] [PlayersReceiveKitEvent] 玩家 "cheems" 收到 "SEND" 的礼包 "lovekit".
[2025-02-14 14:51:52] [PlayersReceiveKitEvent] 玩家 "SummerBeachhh" 收到 "SEND" 的礼包 "lovekit".
[2025-02-14 14:51:52] [PlayersReceiveKitEvent] 玩家 "godwin" 收到 "SEND" 的礼包 "lovekit".
[2025-02-14 14:51:52] [PlayersReceiveKitEvent] 玩家 "lfl666" 收到 "SEND" 的礼包 "lovekit".
[2025-02-14 14:51:52] [PlayersReceiveKitEvent] 玩家 "Hongk1" 收到 "SEND" 的礼包 "lovekit".
[2025-02-14 14:51:52] [PlayersReceiveKitEvent] 玩家 "summerbeachhh" 收到 "SEND" 的礼包 "lovekit".
[2025-02-14 14:51:52] [PlayersReceiveKitEvent] 玩家 "ws666" 收到 "SEND" 的礼包 "lovekit".
[2025-02-14 14:51:52] [PlayersReceiveKitEvent] 玩家 "C09nat" 收到 "SEND" 的礼包 "lovekit".
[2025-02-14 14:51:52] [PlayersReceiveKitEvent] 玩家 "XiaoJiangDDZ" 收到 "SEND" 的礼包 "lovekit".
[2025-02-14 14:51:52] [PlayersReceiveKitEvent] 玩家 "1" 收到 "SEND" 的礼包 "lovekit".
[2025-02-14 14:51:52] [PlayersReceiveKitEvent] 玩家 "Harmil7ion" 收到 "SEND" 的礼包 "lovekit".
[2025-02-14 14:51:52] [PlayersReceiveKitEvent] 玩家 "Admin_UnY" 收到 "SEND" 的礼包 "lovekit".
[2025-02-14 14:51:52] [PlayersReceiveKitEvent] 玩家 "Knows_Fun" 收到 "SEND" 的礼包 "lovekit".
[2025-02-14 14:51:52] [PlayersReceiveKitEvent] 玩家 "Smokingdog" 收到 "SEND" 的礼包 "lovekit".
[2025-02-14 14:51:52] [PlayersReceiveKitEvent] 玩家 "2" 收到 "SEND" 的礼包 "lovekit".
[2025-02-14 14:52:38] [PlayersReceiveKitEvent] 玩家 "Admin_UnY" 收到 "MAIL" 的礼包 "lovekit".
[2025-02-14 14:52:40] [PlayersReceiveKitEvent] 玩家 "C09nat" 收到 "MAIL" 的礼包 "lovekit".
